[0.010s] Invoking command in '/home/nj5403/dev_ws/build/my_bot': /usr/bin/cmake /home/nj5403/dev_ws/src/my_bot -DAMENT_CMAKE_SYMLINK_INSTALL=1 -DCMAKE_INSTALL_PREFIX=/home/nj5403/dev_ws/install/my_bot
[0.176s] -- The C compiler identification is GNU 9.4.0
[0.426s] -- The CXX compiler identification is GNU 9.4.0
[0.556s] -- Check for working C compiler: /usr/bin/cc
[0.686s] -- Check for working C compiler: /usr/bin/cc -- works
[0.686s] -- Detecting C compiler ABI info
[0.800s] -- Detecting C compiler ABI info - done
[0.808s] -- Detecting C compile features
[0.808s] -- Detecting C compile features - done
[0.810s] -- Check for working CXX compiler: /usr/bin/c++
[0.947s] -- Check for working CXX compiler: /usr/bin/c++ -- works
[0.948s] -- Detecting CXX compiler ABI info
[1.089s] -- Detecting CXX compiler ABI info - done
[1.097s] -- Detecting CXX compile features
[1.098s] -- Detecting CXX compile features - done
[2.152s] CMake Error at CMakeLists.txt:19 (find_package):
[2.152s]   By not providing "Findament_cmake.cmake" in CMAKE_MODULE_PATH this project
[2.152s]   has asked CMake to find a package configuration file provided by
[2.152s]   "ament_cmake", but CMake did not find one.
[2.153s] 
[2.153s]   Could not find a package configuration file provided by "ament_cmake" with
[2.153s]   any of the following names:
[2.153s] 
[2.153s]     ament_cmakeConfig.cmake
[2.153s]     ament_cmake-config.cmake
[2.153s] 
[2.153s]   Add the installation prefix of "ament_cmake" to CMAKE_PREFIX_PATH or set
[2.153s]   "ament_cmake_DIR" to a directory containing one of the above files.  If
[2.153s]   "ament_cmake" provides a separate development package or SDK, be sure it
[2.153s]   has been installed.
[2.153s] 
[2.153s] 
[2.153s] -- Configuring incomplete, errors occurred!
[2.153s] See also "/home/nj5403/dev_ws/build/my_bot/CMakeFiles/CMakeOutput.log".
[2.155s] Invoked command in '/home/nj5403/dev_ws/build/my_bot' returned '1': /usr/bin/cmake /home/nj5403/dev_ws/src/my_bot -DAMENT_CMAKE_SYMLINK_INSTALL=1 -DCMAKE_INSTALL_PREFIX=/home/nj5403/dev_ws/install/my_bot
