[0.017s] Invoking command in '/home/nj5403/dev_ws/build/my_bot': CMAKE_PREFIX_PATH=${CMAKE_PREFIX_PATH}:/opt/ros/foxy /usr/bin/cmake --build /home/nj5403/dev_ws/build/my_bot -- -j16 -l16
[0.093s] Invoked command in '/home/nj5403/dev_ws/build/my_bot' returned '0': CMAKE_PREFIX_PATH=${CMAKE_PREFIX_PATH}:/opt/ros/foxy /usr/bin/cmake --build /home/nj5403/dev_ws/build/my_bot -- -j16 -l16
[0.116s] Invoking command in '/home/nj5403/dev_ws/build/my_bot': CMAKE_PREFIX_PATH=${CMAKE_PREFIX_PATH}:/opt/ros/foxy /usr/bin/cmake --install /home/nj5403/dev_ws/build/my_bot
[0.124s] -- Install configuration: ""
[0.124s] -- Execute custom install script
[0.126s] -- Symlinking: /home/nj5403/dev_ws/install/my_bot/share/my_bot/config/drive_bot.rviz
[0.132s] -- Up-to-date symlink: /home/nj5403/dev_ws/install/my_bot/share/my_bot/config/empty.yaml
[0.133s] -- Up-to-date symlink: /home/nj5403/dev_ws/install/my_bot/share/my_bot/description/gazebo_control.xacro
[0.133s] -- Up-to-date symlink: /home/nj5403/dev_ws/install/my_bot/share/my_bot/description/inertial_macros.xacro
[0.133s] -- Up-to-date symlink: /home/nj5403/dev_ws/install/my_bot/share/my_bot/description/inertial_macros.xacro:Zone.Identifier
[0.133s] -- Symlinking: /home/nj5403/dev_ws/install/my_bot/share/my_bot/description/lidar.xacro
[0.140s] -- Up-to-date symlink: /home/nj5403/dev_ws/install/my_bot/share/my_bot/description/robot.urdf.xacro
[0.140s] -- Up-to-date symlink: /home/nj5403/dev_ws/install/my_bot/share/my_bot/description/robot_core.xacro
[0.140s] -- Up-to-date symlink: /home/nj5403/dev_ws/install/my_bot/share/my_bot/launch/launch_sim.launch.py
[0.140s] -- Up-to-date symlink: /home/nj5403/dev_ws/install/my_bot/share/my_bot/launch/launch_sim.launch.py:Zone.Identifier
[0.141s] -- Up-to-date symlink: /home/nj5403/dev_ws/install/my_bot/share/my_bot/launch/rsp.launch.py
[0.141s] -- Up-to-date symlink: /home/nj5403/dev_ws/install/my_bot/share/my_bot/worlds/empty.world
[0.141s] -- Symlinking: /home/nj5403/dev_ws/install/my_bot/share/my_bot/worlds/obstacles.world
[0.148s] -- Up-to-date symlink: /home/nj5403/dev_ws/install/my_bot/share/ament_index/resource_index/package_run_dependencies/my_bot
[0.148s] -- Up-to-date symlink: /home/nj5403/dev_ws/install/my_bot/share/ament_index/resource_index/parent_prefix_path/my_bot
[0.148s] -- Up-to-date symlink: /home/nj5403/dev_ws/install/my_bot/share/my_bot/environment/ament_prefix_path.sh
[0.148s] -- Up-to-date symlink: /home/nj5403/dev_ws/install/my_bot/share/my_bot/environment/ament_prefix_path.dsv
[0.149s] -- Up-to-date symlink: /home/nj5403/dev_ws/install/my_bot/share/my_bot/environment/path.sh
[0.149s] -- Up-to-date symlink: /home/nj5403/dev_ws/install/my_bot/share/my_bot/environment/path.dsv
[0.149s] -- Up-to-date symlink: /home/nj5403/dev_ws/install/my_bot/share/my_bot/local_setup.bash
[0.149s] -- Up-to-date symlink: /home/nj5403/dev_ws/install/my_bot/share/my_bot/local_setup.sh
[0.149s] -- Up-to-date symlink: /home/nj5403/dev_ws/install/my_bot/share/my_bot/local_setup.zsh
[0.149s] -- Up-to-date symlink: /home/nj5403/dev_ws/install/my_bot/share/my_bot/local_setup.dsv
[0.150s] -- Symlinking: /home/nj5403/dev_ws/install/my_bot/share/my_bot/package.dsv
[0.157s] -- Up-to-date symlink: /home/nj5403/dev_ws/install/my_bot/share/ament_index/resource_index/packages/my_bot
[0.158s] -- Up-to-date symlink: /home/nj5403/dev_ws/install/my_bot/share/my_bot/cmake/my_botConfig.cmake
[0.158s] -- Up-to-date symlink: /home/nj5403/dev_ws/install/my_bot/share/my_bot/cmake/my_botConfig-version.cmake
[0.158s] -- Up-to-date symlink: /home/nj5403/dev_ws/install/my_bot/share/my_bot/package.xml
[0.160s] Invoked command in '/home/nj5403/dev_ws/build/my_bot' returned '0': CMAKE_PREFIX_PATH=${CMAKE_PREFIX_PATH}:/opt/ros/foxy /usr/bin/cmake --install /home/nj5403/dev_ws/build/my_bot
