[0.012s] Invoking command in '/home/nj5403/dev_ws/build/my_bot': /usr/bin/cmake /home/nj5403/dev_ws/src/my_bot -DAMENT_CMAKE_SYMLINK_INSTALL=1 -DCMAKE_INSTALL_PREFIX=/home/nj5403/dev_ws/install/my_bot
[1.101s] CMake Error at CMakeLists.txt:19 (find_package):
[1.101s]   By not providing "Findament_cmake.cmake" in CMAKE_MODULE_PATH this project
[1.101s]   has asked CMake to find a package configuration file provided by
[1.101s]   "ament_cmake", but CMake did not find one.
[1.101s] 
[1.101s]   Could not find a package configuration file provided by "ament_cmake" with
[1.101s]   any of the following names:
[1.101s] 
[1.101s]     ament_cmakeConfig.cmake
[1.101s]     ament_cmake-config.cmake
[1.102s] 
[1.102s]   Add the installation prefix of "ament_cmake" to CMAKE_PREFIX_PATH or set
[1.102s]   "ament_cmake_DIR" to a directory containing one of the above files.  If
[1.102s]   "ament_cmake" provides a separate development package or SDK, be sure it
[1.102s]   has been installed.
[1.102s] 
[1.102s] 
[1.102s] -- Configuring incomplete, errors occurred!
[1.102s] See also "/home/nj5403/dev_ws/build/my_bot/CMakeFiles/CMakeOutput.log".
[1.104s] Invoked command in '/home/nj5403/dev_ws/build/my_bot' returned '1': /usr/bin/cmake /home/nj5403/dev_ws/src/my_bot -DAMENT_CMAKE_SYMLINK_INSTALL=1 -DCMAKE_INSTALL_PREFIX=/home/nj5403/dev_ws/install/my_bot
