[0.012s] Invoking command in '/home/nj5403/dev_ws/build/my_bot': /usr/bin/cmake --build /home/nj5403/dev_ws/build/my_bot -- -j16 -l16
[0.036s] Invoked command in '/home/nj5403/dev_ws/build/my_bot' returned '0': /usr/bin/cmake --build /home/nj5403/dev_ws/build/my_bot -- -j16 -l16
[0.060s] Invoking command in '/home/nj5403/dev_ws/build/my_bot': /usr/bin/cmake --install /home/nj5403/dev_ws/build/my_bot
[0.065s] -- Install configuration: ""
[0.066s] -- Execute custom install script
[0.066s] -- Up-to-date symlink: /home/nj5403/dev_ws/install/my_bot/share/my_bot/config/empty.yaml
[0.066s] -- Up-to-date symlink: /home/nj5403/dev_ws/install/my_bot/share/my_bot/description/robot.urdf.xacro
[0.066s] -- Up-to-date symlink: /home/nj5403/dev_ws/install/my_bot/share/my_bot/description/robot_core.xacro
[0.067s] -- Up-to-date symlink: /home/nj5403/dev_ws/install/my_bot/share/my_bot/launch/rsp.launch.py
[0.067s] -- Up-to-date symlink: /home/nj5403/dev_ws/install/my_bot/share/my_bot/worlds/empty.world
[0.067s] -- Up-to-date symlink: /home/nj5403/dev_ws/install/my_bot/share/ament_index/resource_index/package_run_dependencies/my_bot
[0.067s] -- Up-to-date symlink: /home/nj5403/dev_ws/install/my_bot/share/ament_index/resource_index/parent_prefix_path/my_bot
[0.067s] -- Up-to-date symlink: /home/nj5403/dev_ws/install/my_bot/share/my_bot/environment/ament_prefix_path.sh
[0.068s] -- Up-to-date symlink: /home/nj5403/dev_ws/install/my_bot/share/my_bot/environment/ament_prefix_path.dsv
[0.068s] -- Up-to-date symlink: /home/nj5403/dev_ws/install/my_bot/share/my_bot/environment/path.sh
[0.068s] -- Up-to-date symlink: /home/nj5403/dev_ws/install/my_bot/share/my_bot/environment/path.dsv
[0.068s] -- Up-to-date symlink: /home/nj5403/dev_ws/install/my_bot/share/my_bot/local_setup.bash
[0.068s] -- Up-to-date symlink: /home/nj5403/dev_ws/install/my_bot/share/my_bot/local_setup.sh
[0.069s] -- Up-to-date symlink: /home/nj5403/dev_ws/install/my_bot/share/my_bot/local_setup.zsh
[0.069s] -- Up-to-date symlink: /home/nj5403/dev_ws/install/my_bot/share/my_bot/local_setup.dsv
[0.069s] -- Symlinking: /home/nj5403/dev_ws/install/my_bot/share/my_bot/package.dsv
[0.076s] -- Up-to-date symlink: /home/nj5403/dev_ws/install/my_bot/share/ament_index/resource_index/packages/my_bot
[0.076s] -- Up-to-date symlink: /home/nj5403/dev_ws/install/my_bot/share/my_bot/cmake/my_botConfig.cmake
[0.076s] -- Up-to-date symlink: /home/nj5403/dev_ws/install/my_bot/share/my_bot/cmake/my_botConfig-version.cmake
[0.077s] -- Up-to-date symlink: /home/nj5403/dev_ws/install/my_bot/share/my_bot/package.xml
[0.079s] Invoked command in '/home/nj5403/dev_ws/build/my_bot' returned '0': /usr/bin/cmake --install /home/nj5403/dev_ws/build/my_bot
