[0.013s] Invoking command in '/home/nj5403/dev_ws/build/my_bot': CMAKE_PREFIX_PATH=/opt/ros/foxy /usr/bin/cmake /home/nj5403/dev_ws/src/my_bot -DAMENT_CMAKE_SYMLINK_INSTALL=1 -DCMAKE_INSTALL_PREFIX=/home/nj5403/dev_ws/install/my_bot
[0.027s] -- Found ament_cmake: 0.9.12 (/opt/ros/foxy/share/ament_cmake/cmake)
[0.054s] -- Found PythonInterp: /usr/bin/python3 (found suitable version "3.8.10", minimum required is "3") 
[0.054s] -- Using PYTHON_EXECUTABLE: /usr/bin/python3
[0.193s] -- Override CMake install command with custom implementation using symlinks instead of copying resources
[0.232s] -- Found ament_lint_auto: 0.9.8 (/opt/ros/foxy/share/ament_lint_auto/cmake)
[0.303s] -- Added test 'copyright' to check source files copyright and LICENSE
[0.309s] -- Added test 'flake8' to check Python code syntax and style conventions
[0.311s] -- Added test 'lint_cmake' to check CMake code style
[0.312s] -- Added test 'pep257' to check Python code against some of the style conventions in PEP 257
[0.315s] -- Added test 'xmllint' to check XML markup files
[0.318s] -- Configuring done
[0.320s] -- Generating done
[0.321s] -- Build files have been written to: /home/nj5403/dev_ws/build/my_bot
[0.323s] Invoked command in '/home/nj5403/dev_ws/build/my_bot' returned '0': CMAKE_PREFIX_PATH=/opt/ros/foxy /usr/bin/cmake /home/nj5403/dev_ws/src/my_bot -DAMENT_CMAKE_SYMLINK_INSTALL=1 -DCMAKE_INSTALL_PREFIX=/home/nj5403/dev_ws/install/my_bot
[0.326s] Invoking command in '/home/nj5403/dev_ws/build/my_bot': CMAKE_PREFIX_PATH=/opt/ros/foxy /usr/bin/cmake --build /home/nj5403/dev_ws/build/my_bot -- -j16 -l16
[0.356s] Invoked command in '/home/nj5403/dev_ws/build/my_bot' returned '0': CMAKE_PREFIX_PATH=/opt/ros/foxy /usr/bin/cmake --build /home/nj5403/dev_ws/build/my_bot -- -j16 -l16
[0.382s] Invoking command in '/home/nj5403/dev_ws/build/my_bot': CMAKE_PREFIX_PATH=/opt/ros/foxy /usr/bin/cmake --install /home/nj5403/dev_ws/build/my_bot
[0.388s] -- Install configuration: ""
[0.389s] -- Execute custom install script
[0.389s] -- Symlinking: /home/nj5403/dev_ws/install/my_bot/share/my_bot/config/empty.yaml
[0.397s] -- Symlinking: /home/nj5403/dev_ws/install/my_bot/share/my_bot/description/robot.urdf.xacro
[0.404s] -- Symlinking: /home/nj5403/dev_ws/install/my_bot/share/my_bot/launch/rsp.launch.py
[0.411s] -- Symlinking: /home/nj5403/dev_ws/install/my_bot/share/my_bot/worlds/empty.world
[0.419s] -- Symlinking: /home/nj5403/dev_ws/install/my_bot/share/ament_index/resource_index/package_run_dependencies/my_bot
[0.426s] -- Symlinking: /home/nj5403/dev_ws/install/my_bot/share/ament_index/resource_index/parent_prefix_path/my_bot
[0.433s] -- Symlinking: /home/nj5403/dev_ws/install/my_bot/share/my_bot/environment/ament_prefix_path.sh
[0.440s] -- Symlinking: /home/nj5403/dev_ws/install/my_bot/share/my_bot/environment/ament_prefix_path.dsv
[0.446s] -- Symlinking: /home/nj5403/dev_ws/install/my_bot/share/my_bot/environment/path.sh
[0.454s] -- Symlinking: /home/nj5403/dev_ws/install/my_bot/share/my_bot/environment/path.dsv
[0.460s] -- Symlinking: /home/nj5403/dev_ws/install/my_bot/share/my_bot/local_setup.bash
[0.467s] -- Symlinking: /home/nj5403/dev_ws/install/my_bot/share/my_bot/local_setup.sh
[0.474s] -- Symlinking: /home/nj5403/dev_ws/install/my_bot/share/my_bot/local_setup.zsh
[0.482s] -- Symlinking: /home/nj5403/dev_ws/install/my_bot/share/my_bot/local_setup.dsv
[0.489s] -- Symlinking: /home/nj5403/dev_ws/install/my_bot/share/my_bot/package.dsv
[0.495s] -- Symlinking: /home/nj5403/dev_ws/install/my_bot/share/ament_index/resource_index/packages/my_bot
[0.503s] -- Symlinking: /home/nj5403/dev_ws/install/my_bot/share/my_bot/cmake/my_botConfig.cmake
[0.510s] -- Symlinking: /home/nj5403/dev_ws/install/my_bot/share/my_bot/cmake/my_botConfig-version.cmake
[0.517s] -- Symlinking: /home/nj5403/dev_ws/install/my_bot/share/my_bot/package.xml
[0.525s] Invoked command in '/home/nj5403/dev_ws/build/my_bot' returned '0': CMAKE_PREFIX_PATH=/opt/ros/foxy /usr/bin/cmake --install /home/nj5403/dev_ws/build/my_bot
